================================================================================
COMPLETE SYSTEM IMPLEMENTATION - NO MORE MOCK DATA
================================================================================
This will fix ALL 351 route files to have REAL implementations

Populated 50 tasks in database
Found 352 route files to process
----------------------------------------
[1/352] Processing erp_fixes.py... Traceback (most recent call last):
  File "/home/matt-woodworth/fastapi-operator-env/FIX_ALL_ROUTES_REAL.py", line 327, in <module>
    asyncio.run(main())
  File "/usr/lib/python3.12/asyncio/runners.py", line 194, in run
    return runner.run(main)
           ^^^^^^^^^^^^^^^^
  File "/usr/lib/python3.12/asyncio/runners.py", line 118, in run
    return self._loop.run_until_complete(task)
           ^^^^^^^^^^^^^^^^^^^^^^^^^^^^^^^^^^^
  File "/usr/lib/python3.12/asyncio/base_events.py", line 687, in run_until_complete
    return future.result()
           ^^^^^^^^^^^^^^^
  File "/home/matt-woodworth/fastapi-operator-env/FIX_ALL_ROUTES_REAL.py", line 258, in main
    await update_task_status(conn, filepath.name, 'in_progress')
  File "/home/matt-woodworth/fastapi-operator-env/FIX_ALL_ROUTES_REAL.py", line 214, in update_task_status
    await conn.execute("""
  File "/home/matt-woodworth/.local/lib/python3.12/site-packages/asyncpg/connection.py", line 352, in execute
    _, status, _ = await self._execute(
                   ^^^^^^^^^^^^^^^^^^^^
  File "/home/matt-woodworth/.local/lib/python3.12/site-packages/asyncpg/connection.py", line 1864, in _execute
    result, _ = await self.__execute(
                ^^^^^^^^^^^^^^^^^^^^^
  File "/home/matt-woodworth/.local/lib/python3.12/site-packages/asyncpg/connection.py", line 1961, in __execute
    result, stmt = await self._do_execute(
                   ^^^^^^^^^^^^^^^^^^^^^^^
  File "/home/matt-woodworth/.local/lib/python3.12/site-packages/asyncpg/connection.py", line 2004, in _do_execute
    stmt = await self._get_statement(
           ^^^^^^^^^^^^^^^^^^^^^^^^^^
  File "/home/matt-woodworth/.local/lib/python3.12/site-packages/asyncpg/connection.py", line 432, in _get_statement
    statement = await self._protocol.prepare(
                ^^^^^^^^^^^^^^^^^^^^^^^^^^^^^
  File "asyncpg/protocol/protocol.pyx", line 165, in prepare
asyncpg.exceptions.AmbiguousParameterError: inconsistent types deduced for parameter $1
DETAIL:  text versus character varying
