2025-08-04 19:47:25,878 - AUREA-QC-V2 - ERROR - Failed to log to memory: 404
2025-08-04 19:47:25,878 - AUREA-QC-V2 - INFO - 🚀 AUREA QC V2 Starting - Enhanced with self-healing
2025-08-04 19:47:25,879 - AUREA-QC-V2 - INFO - 🔍 AUREA V2: Performing comprehensive system health check
2025-08-04 19:52:27,794 - AUREA-QC-V2 - INFO - 🔍 AUREA V2: Performing comprehensive system health check
2025-08-04 19:57:30,645 - AUREA-QC-V2 - INFO - 🔍 AUREA V2: Performing comprehensive system health check
2025-08-04 20:02:32,996 - AUREA-QC-V2 - INFO - 🔍 AUREA V2: Performing comprehensive system health check
2025-08-04 20:07:35,405 - AUREA-QC-V2 - INFO - 🔍 AUREA V2: Performing comprehensive system health check
2025-08-04 20:12:38,156 - AUREA-QC-V2 - INFO - 🔍 AUREA V2: Performing comprehensive system health check
2025-08-04 20:12:42,059 - AUREA-QC-V2 - INFO - 📊 Metrics: {
  "checks_performed": 6,
  "issues_found": 0,
  "improvements_made": 0,
  "system_health": 83.33333333333334,
  "errors_caught": 0,
  "self_heals": 0
}
2025-08-04 20:17:39,603 - AUREA-QC-V2 - INFO - 🔍 AUREA V2: Performing comprehensive system health check
2025-08-04 20:22:41,745 - AUREA-QC-V2 - INFO - 🔍 AUREA V2: Performing comprehensive system health check
2025-08-04 20:27:44,824 - AUREA-QC-V2 - INFO - 🔍 AUREA V2: Performing comprehensive system health check
2025-08-04 20:32:47,780 - AUREA-QC-V2 - INFO - 🔍 AUREA V2: Performing comprehensive system health check
2025-08-04 20:37:51,060 - AUREA-QC-V2 - INFO - 🔍 AUREA V2: Performing comprehensive system health check
2025-08-04 20:42:54,014 - AUREA-QC-V2 - INFO - 🔍 AUREA V2: Performing comprehensive system health check
2025-08-04 20:42:57,401 - AUREA-QC-V2 - INFO - 🧠 AUREA V2: Learning from system history
2025-08-04 20:42:57,490 - AUREA-QC-V2 - INFO - 📊 Metrics: {
  "checks_performed": 12,
  "issues_found": 0,
  "improvements_made": 0,
  "system_health": 83.33333333333334,
  "errors_caught": 0,
  "self_heals": 0
}
2025-08-04 20:47:57,235 - AUREA-QC-V2 - INFO - 🔍 AUREA V2: Performing comprehensive system health check
2025-08-04 20:52:59,997 - AUREA-QC-V2 - INFO - 🔍 AUREA V2: Performing comprehensive system health check
2025-08-04 20:58:03,105 - AUREA-QC-V2 - INFO - 🔍 AUREA V2: Performing comprehensive system health check
2025-08-04 21:03:05,985 - AUREA-QC-V2 - INFO - 🔍 AUREA V2: Performing comprehensive system health check
2025-08-04 21:08:08,637 - AUREA-QC-V2 - INFO - 🔍 AUREA V2: Performing comprehensive system health check
2025-08-04 21:13:12,011 - AUREA-QC-V2 - INFO - 🔍 AUREA V2: Performing comprehensive system health check
2025-08-04 21:13:15,025 - AUREA-QC-V2 - INFO - 📊 Metrics: {
  "checks_performed": 18,
  "issues_found": 0,
  "improvements_made": 0,
  "system_health": 83.33333333333334,
  "errors_caught": 0,
  "self_heals": 0
}
2025-08-04 21:18:14,408 - AUREA-QC-V2 - INFO - 🔍 AUREA V2: Performing comprehensive system health check
2025-08-04 21:23:17,002 - AUREA-QC-V2 - INFO - 🔍 AUREA V2: Performing comprehensive system health check
2025-08-04 21:28:19,574 - AUREA-QC-V2 - INFO - 🔍 AUREA V2: Performing comprehensive system health check
2025-08-04 21:33:21,813 - AUREA-QC-V2 - INFO - 🔍 AUREA V2: Performing comprehensive system health check
2025-08-04 21:38:23,878 - AUREA-QC-V2 - INFO - 🔍 AUREA V2: Performing comprehensive system health check
2025-08-04 21:43:26,440 - AUREA-QC-V2 - INFO - 🔍 AUREA V2: Performing comprehensive system health check
2025-08-04 21:43:29,387 - AUREA-QC-V2 - INFO - 🧠 AUREA V2: Learning from system history
2025-08-04 21:43:29,476 - AUREA-QC-V2 - INFO - 📊 Metrics: {
  "checks_performed": 24,
  "issues_found": 0,
  "improvements_made": 0,
  "system_health": 83.33333333333334,
  "errors_caught": 0,
  "self_heals": 0
}
2025-08-04 21:48:28,571 - AUREA-QC-V2 - INFO - 🔍 AUREA V2: Performing comprehensive system health check
2025-08-04 21:53:30,829 - AUREA-QC-V2 - INFO - 🔍 AUREA V2: Performing comprehensive system health check
2025-08-04 21:58:32,731 - AUREA-QC-V2 - INFO - 🔍 AUREA V2: Performing comprehensive system health check
2025-08-04 22:03:34,372 - AUREA-QC-V2 - INFO - 🔍 AUREA V2: Performing comprehensive system health check
2025-08-04 22:08:36,402 - AUREA-QC-V2 - INFO - 🔍 AUREA V2: Performing comprehensive system health check
2025-08-04 22:13:35,447 - AUREA-QC-V2 - INFO - 🔍 AUREA V2: Performing comprehensive system health check
2025-08-04 22:13:39,065 - AUREA-QC-V2 - INFO - 📊 Metrics: {
  "checks_performed": 30,
  "issues_found": 0,
  "improvements_made": 0,
  "system_health": 83.33333333333334,
  "errors_caught": 0,
  "self_heals": 0
}
2025-08-04 22:18:33,416 - AUREA-QC-V2 - INFO - 🔍 AUREA V2: Performing comprehensive system health check
2025-08-04 22:23:29,719 - AUREA-QC-V2 - INFO - 🔍 AUREA V2: Performing comprehensive system health check
2025-08-04 22:28:25,698 - AUREA-QC-V2 - INFO - 🔍 AUREA V2: Performing comprehensive system health check
2025-08-04 22:33:21,349 - AUREA-QC-V2 - INFO - 🔍 AUREA V2: Performing comprehensive system health check
2025-08-04 22:38:16,696 - AUREA-QC-V2 - INFO - 🔍 AUREA V2: Performing comprehensive system health check
2025-08-04 22:43:11,859 - AUREA-QC-V2 - INFO - 🔍 AUREA V2: Performing comprehensive system health check
2025-08-04 22:43:14,910 - AUREA-QC-V2 - INFO - 🧠 AUREA V2: Learning from system history
2025-08-04 22:43:15,001 - AUREA-QC-V2 - INFO - 📊 Metrics: {
  "checks_performed": 36,
  "issues_found": 0,
  "improvements_made": 0,
  "system_health": 83.33333333333334,
  "errors_caught": 0,
  "self_heals": 0
}
2025-08-04 22:48:06,849 - AUREA-QC-V2 - INFO - 🔍 AUREA V2: Performing comprehensive system health check
2025-08-04 22:53:01,351 - AUREA-QC-V2 - INFO - 🔍 AUREA V2: Performing comprehensive system health check
2025-08-04 22:57:55,640 - AUREA-QC-V2 - INFO - 🔍 AUREA V2: Performing comprehensive system health check
2025-08-04 23:02:49,696 - AUREA-QC-V2 - INFO - 🔍 AUREA V2: Performing comprehensive system health check
2025-08-04 23:07:43,736 - AUREA-QC-V2 - INFO - 🔍 AUREA V2: Performing comprehensive system health check
2025-08-04 23:12:36,455 - AUREA-QC-V2 - INFO - 🔍 AUREA V2: Performing comprehensive system health check
2025-08-04 23:12:39,379 - AUREA-QC-V2 - INFO - 📊 Metrics: {
  "checks_performed": 42,
  "issues_found": 0,
  "improvements_made": 0,
  "system_health": 83.33333333333334,
  "errors_caught": 0,
  "self_heals": 0
}
2025-08-04 23:17:29,301 - AUREA-QC-V2 - INFO - 🔍 AUREA V2: Performing comprehensive system health check
2025-08-04 23:22:22,089 - AUREA-QC-V2 - INFO - 🔍 AUREA V2: Performing comprehensive system health check
2025-08-04 23:27:14,381 - AUREA-QC-V2 - INFO - 🔍 AUREA V2: Performing comprehensive system health check
2025-08-04 23:32:06,834 - AUREA-QC-V2 - INFO - 🔍 AUREA V2: Performing comprehensive system health check
2025-08-04 23:36:58,392 - AUREA-QC-V2 - INFO - 🔍 AUREA V2: Performing comprehensive system health check
2025-08-04 23:41:49,820 - AUREA-QC-V2 - INFO - 🔍 AUREA V2: Performing comprehensive system health check
2025-08-04 23:41:53,386 - AUREA-QC-V2 - INFO - 🧠 AUREA V2: Learning from system history
2025-08-04 23:41:53,553 - AUREA-QC-V2 - INFO - 📊 Metrics: {
  "checks_performed": 48,
  "issues_found": 0,
  "improvements_made": 0,
  "system_health": 83.33333333333334,
  "errors_caught": 0,
  "self_heals": 0
}
2025-08-04 23:46:41,795 - AUREA-QC-V2 - INFO - 🔍 AUREA V2: Performing comprehensive system health check
2025-08-04 23:51:32,809 - AUREA-QC-V2 - INFO - 🔍 AUREA V2: Performing comprehensive system health check
2025-08-04 23:56:22,048 - AUREA-QC-V2 - INFO - 🔍 AUREA V2: Performing comprehensive system health check
2025-08-05 00:01:12,409 - AUREA-QC-V2 - INFO - 🔍 AUREA V2: Performing comprehensive system health check
2025-08-05 00:06:02,476 - AUREA-QC-V2 - INFO - 🔍 AUREA V2: Performing comprehensive system health check
2025-08-05 00:10:52,385 - AUREA-QC-V2 - INFO - 🔍 AUREA V2: Performing comprehensive system health check
2025-08-05 00:10:55,530 - AUREA-QC-V2 - INFO - 📊 Metrics: {
  "checks_performed": 54,
  "issues_found": 0,
  "improvements_made": 0,
  "system_health": 83.33333333333334,
  "errors_caught": 0,
  "self_heals": 0
}
2025-08-05 00:15:41,923 - AUREA-QC-V2 - INFO - 🔍 AUREA V2: Performing comprehensive system health check
2025-08-05 00:20:31,131 - AUREA-QC-V2 - INFO - 🔍 AUREA V2: Performing comprehensive system health check
2025-08-05 00:25:20,245 - AUREA-QC-V2 - INFO - 🔍 AUREA V2: Performing comprehensive system health check
2025-08-05 00:30:08,994 - AUREA-QC-V2 - INFO - 🔍 AUREA V2: Performing comprehensive system health check
2025-08-05 00:34:58,298 - AUREA-QC-V2 - INFO - 🔍 AUREA V2: Performing comprehensive system health check
2025-08-05 00:39:45,114 - AUREA-QC-V2 - INFO - 🔍 AUREA V2: Performing comprehensive system health check
2025-08-05 00:39:48,697 - AUREA-QC-V2 - INFO - 🧠 AUREA V2: Learning from system history
2025-08-05 00:39:48,784 - AUREA-QC-V2 - INFO - 📊 Metrics: {
  "checks_performed": 60,
  "issues_found": 0,
  "improvements_made": 0,
  "system_health": 83.33333333333334,
  "errors_caught": 0,
  "self_heals": 0
}
2025-08-05 00:44:33,379 - AUREA-QC-V2 - INFO - 🔍 AUREA V2: Performing comprehensive system health check
2025-08-05 00:49:21,224 - AUREA-QC-V2 - INFO - 🔍 AUREA V2: Performing comprehensive system health check
2025-08-05 00:54:08,110 - AUREA-QC-V2 - INFO - 🔍 AUREA V2: Performing comprehensive system health check
2025-08-05 00:58:55,037 - AUREA-QC-V2 - INFO - 🔍 AUREA V2: Performing comprehensive system health check
2025-08-05 01:03:41,932 - AUREA-QC-V2 - INFO - 🔍 AUREA V2: Performing comprehensive system health check
2025-08-05 01:08:28,625 - AUREA-QC-V2 - INFO - 🔍 AUREA V2: Performing comprehensive system health check
2025-08-05 01:08:31,767 - AUREA-QC-V2 - INFO - 📊 Metrics: {
  "checks_performed": 66,
  "issues_found": 0,
  "improvements_made": 0,
  "system_health": 83.33333333333334,
  "errors_caught": 0,
  "self_heals": 0
}
2025-08-05 01:13:14,764 - AUREA-QC-V2 - INFO - 🔍 AUREA V2: Performing comprehensive system health check
2025-08-05 01:18:01,058 - AUREA-QC-V2 - INFO - 🔍 AUREA V2: Performing comprehensive system health check
2025-08-05 01:22:45,063 - AUREA-QC-V2 - INFO - 🔍 AUREA V2: Performing comprehensive system health check
2025-08-05 01:27:30,461 - AUREA-QC-V2 - INFO - 🔍 AUREA V2: Performing comprehensive system health check
2025-08-05 01:32:15,900 - AUREA-QC-V2 - INFO - 🔍 AUREA V2: Performing comprehensive system health check
2025-08-05 01:37:00,755 - AUREA-QC-V2 - INFO - 🔍 AUREA V2: Performing comprehensive system health check
2025-08-05 01:37:04,172 - AUREA-QC-V2 - INFO - 🧠 AUREA V2: Learning from system history
2025-08-05 01:37:06,294 - AUREA-QC-V2 - ERROR - Failed to log to memory: 404
2025-08-05 01:37:06,294 - AUREA-QC-V2 - INFO - 📊 Metrics: {
  "checks_performed": 72,
  "issues_found": 0,
  "improvements_made": 0,
  "system_health": 83.33333333333334,
  "errors_caught": 0,
  "self_heals": 0
}
2025-08-05 01:41:47,909 - AUREA-QC-V2 - INFO - 🔍 AUREA V2: Performing comprehensive system health check
2025-08-05 01:46:37,130 - AUREA-QC-V2 - INFO - 🔍 AUREA V2: Performing comprehensive system health check
2025-08-05 01:51:34,737 - AUREA-QC-V2 - INFO - 🔍 AUREA V2: Performing comprehensive system health check
2025-08-05 01:56:35,076 - AUREA-QC-V2 - INFO - 🔍 AUREA V2: Performing comprehensive system health check
2025-08-05 02:01:37,533 - AUREA-QC-V2 - INFO - 🔍 AUREA V2: Performing comprehensive system health check
2025-08-05 02:06:40,043 - AUREA-QC-V2 - INFO - 🔍 AUREA V2: Performing comprehensive system health check
2025-08-05 02:06:43,825 - AUREA-QC-V2 - INFO - 📊 Metrics: {
  "checks_performed": 78,
  "issues_found": 0,
  "improvements_made": 0,
  "system_health": 83.33333333333334,
  "errors_caught": 0,
  "self_heals": 0
}
2025-08-05 02:11:43,519 - AUREA-QC-V2 - INFO - 🔍 AUREA V2: Performing comprehensive system health check
2025-08-05 02:16:46,848 - AUREA-QC-V2 - INFO - 🔍 AUREA V2: Performing comprehensive system health check
2025-08-05 02:21:49,723 - AUREA-QC-V2 - INFO - 🔍 AUREA V2: Performing comprehensive system health check
2025-08-05 02:26:52,271 - AUREA-QC-V2 - INFO - 🔍 AUREA V2: Performing comprehensive system health check
2025-08-05 02:31:55,089 - AUREA-QC-V2 - INFO - 🔍 AUREA V2: Performing comprehensive system health check
2025-08-05 02:36:57,494 - AUREA-QC-V2 - INFO - 🔍 AUREA V2: Performing comprehensive system health check
2025-08-05 02:37:00,680 - AUREA-QC-V2 - INFO - 🧠 AUREA V2: Learning from system history
2025-08-05 02:37:00,752 - AUREA-QC-V2 - INFO - 📊 Metrics: {
  "checks_performed": 84,
  "issues_found": 0,
  "improvements_made": 0,
  "system_health": 83.33333333333334,
  "errors_caught": 0,
  "self_heals": 0
}
2025-08-05 02:42:00,169 - AUREA-QC-V2 - INFO - 🔍 AUREA V2: Performing comprehensive system health check
2025-08-05 02:47:03,019 - AUREA-QC-V2 - INFO - 🔍 AUREA V2: Performing comprehensive system health check
2025-08-05 02:52:05,645 - AUREA-QC-V2 - INFO - 🔍 AUREA V2: Performing comprehensive system health check
2025-08-05 02:57:07,910 - AUREA-QC-V2 - INFO - 🔍 AUREA V2: Performing comprehensive system health check
2025-08-05 03:02:10,990 - AUREA-QC-V2 - INFO - 🔍 AUREA V2: Performing comprehensive system health check
2025-08-05 03:07:13,234 - AUREA-QC-V2 - INFO - 🔍 AUREA V2: Performing comprehensive system health check
2025-08-05 03:07:16,724 - AUREA-QC-V2 - INFO - 📊 Metrics: {
  "checks_performed": 90,
  "issues_found": 0,
  "improvements_made": 0,
  "system_health": 83.33333333333334,
  "errors_caught": 0,
  "self_heals": 0
}
2025-08-05 03:12:15,727 - AUREA-QC-V2 - INFO - 🔍 AUREA V2: Performing comprehensive system health check
2025-08-05 03:17:17,711 - AUREA-QC-V2 - INFO - 🔍 AUREA V2: Performing comprehensive system health check
2025-08-05 03:22:19,693 - AUREA-QC-V2 - INFO - 🔍 AUREA V2: Performing comprehensive system health check
2025-08-05 03:27:21,472 - AUREA-QC-V2 - INFO - 🔍 AUREA V2: Performing comprehensive system health check
2025-08-05 03:32:23,247 - AUREA-QC-V2 - INFO - 🔍 AUREA V2: Performing comprehensive system health check
2025-08-05 03:37:23,667 - AUREA-QC-V2 - INFO - 🔍 AUREA V2: Performing comprehensive system health check
2025-08-05 03:37:27,084 - AUREA-QC-V2 - INFO - 🧠 AUREA V2: Learning from system history
2025-08-05 03:37:27,236 - AUREA-QC-V2 - INFO - 📊 Metrics: {
  "checks_performed": 96,
  "issues_found": 0,
  "improvements_made": 0,
  "system_health": 83.33333333333334,
  "errors_caught": 0,
  "self_heals": 0
}
2025-08-05 03:42:21,785 - AUREA-QC-V2 - INFO - 🔍 AUREA V2: Performing comprehensive system health check
2025-08-05 03:47:18,784 - AUREA-QC-V2 - INFO - 🔍 AUREA V2: Performing comprehensive system health check
2025-08-05 03:52:15,299 - AUREA-QC-V2 - INFO - 🔍 AUREA V2: Performing comprehensive system health check
2025-08-05 03:57:11,543 - AUREA-QC-V2 - INFO - 🔍 AUREA V2: Performing comprehensive system health check
2025-08-05 04:02:06,971 - AUREA-QC-V2 - INFO - 🔍 AUREA V2: Performing comprehensive system health check
2025-08-05 04:07:02,170 - AUREA-QC-V2 - INFO - 🔍 AUREA V2: Performing comprehensive system health check
2025-08-05 04:07:05,243 - AUREA-QC-V2 - INFO - 📊 Metrics: {
  "checks_performed": 102,
  "issues_found": 0,
  "improvements_made": 0,
  "system_health": 83.33333333333334,
  "errors_caught": 0,
  "self_heals": 0
}
2025-08-05 04:11:57,067 - AUREA-QC-V2 - INFO - 🔍 AUREA V2: Performing comprehensive system health check
2025-08-05 04:16:51,568 - AUREA-QC-V2 - INFO - 🔍 AUREA V2: Performing comprehensive system health check
2025-08-05 04:21:44,939 - AUREA-QC-V2 - INFO - 🔍 AUREA V2: Performing comprehensive system health check
2025-08-05 04:26:38,990 - AUREA-QC-V2 - INFO - 🔍 AUREA V2: Performing comprehensive system health check
2025-08-05 04:31:33,601 - AUREA-QC-V2 - INFO - 🔍 AUREA V2: Performing comprehensive system health check
2025-08-05 04:36:27,432 - AUREA-QC-V2 - INFO - 🔍 AUREA V2: Performing comprehensive system health check
2025-08-05 04:36:30,626 - AUREA-QC-V2 - INFO - 🧠 AUREA V2: Learning from system history
2025-08-05 04:36:30,768 - AUREA-QC-V2 - INFO - 📊 Metrics: {
  "checks_performed": 108,
  "issues_found": 0,
  "improvements_made": 0,
  "system_health": 83.33333333333334,
  "errors_caught": 0,
  "self_heals": 0
}
2025-08-05 04:41:20,812 - AUREA-QC-V2 - INFO - 🔍 AUREA V2: Performing comprehensive system health check
2025-08-05 04:46:13,544 - AUREA-QC-V2 - INFO - 🔍 AUREA V2: Performing comprehensive system health check
2025-08-05 04:51:06,227 - AUREA-QC-V2 - INFO - 🔍 AUREA V2: Performing comprehensive system health check
2025-08-05 04:55:58,319 - AUREA-QC-V2 - INFO - 🔍 AUREA V2: Performing comprehensive system health check
2025-08-05 05:00:50,201 - AUREA-QC-V2 - INFO - 🔍 AUREA V2: Performing comprehensive system health check
2025-08-05 05:05:40,651 - AUREA-QC-V2 - INFO - 🔍 AUREA V2: Performing comprehensive system health check
2025-08-05 05:05:44,063 - AUREA-QC-V2 - INFO - 📊 Metrics: {
  "checks_performed": 114,
  "issues_found": 0,
  "improvements_made": 0,
  "system_health": 83.33333333333334,
  "errors_caught": 0,
  "self_heals": 0
}
2025-08-05 05:10:32,236 - AUREA-QC-V2 - INFO - 🔍 AUREA V2: Performing comprehensive system health check
2025-08-05 05:15:23,236 - AUREA-QC-V2 - INFO - 🔍 AUREA V2: Performing comprehensive system health check
2025-08-05 05:20:14,330 - AUREA-QC-V2 - INFO - 🔍 AUREA V2: Performing comprehensive system health check
2025-08-05 05:25:05,300 - AUREA-QC-V2 - INFO - 🔍 AUREA V2: Performing comprehensive system health check
2025-08-05 05:29:55,581 - AUREA-QC-V2 - INFO - 🔍 AUREA V2: Performing comprehensive system health check
2025-08-05 05:34:45,185 - AUREA-QC-V2 - INFO - 🔍 AUREA V2: Performing comprehensive system health check
2025-08-05 05:34:48,371 - AUREA-QC-V2 - INFO - 🧠 AUREA V2: Learning from system history
2025-08-05 05:34:48,506 - AUREA-QC-V2 - INFO - 📊 Metrics: {
  "checks_performed": 120,
  "issues_found": 0,
  "improvements_made": 0,
  "system_health": 83.33333333333334,
  "errors_caught": 0,
  "self_heals": 0
}
2025-08-05 05:39:34,940 - AUREA-QC-V2 - INFO - 🔍 AUREA V2: Performing comprehensive system health check
2025-08-05 05:44:24,487 - AUREA-QC-V2 - INFO - 🔍 AUREA V2: Performing comprehensive system health check
2025-08-05 05:49:12,264 - AUREA-QC-V2 - INFO - 🔍 AUREA V2: Performing comprehensive system health check
2025-08-05 05:54:01,071 - AUREA-QC-V2 - INFO - 🔍 AUREA V2: Performing comprehensive system health check
2025-08-05 05:58:49,482 - AUREA-QC-V2 - INFO - 🔍 AUREA V2: Performing comprehensive system health check
2025-08-05 06:03:37,615 - AUREA-QC-V2 - INFO - 🔍 AUREA V2: Performing comprehensive system health check
2025-08-05 06:03:40,813 - AUREA-QC-V2 - INFO - 📊 Metrics: {
  "checks_performed": 126,
  "issues_found": 0,
  "improvements_made": 0,
  "system_health": 83.33333333333334,
  "errors_caught": 0,
  "self_heals": 0
}
2025-08-05 06:54:51,300 - AUREA-QC-V2 - INFO - 🔍 AUREA V2: Performing comprehensive system health check
2025-08-05 06:59:46,486 - AUREA-QC-V2 - INFO - 🔍 AUREA V2: Performing comprehensive system health check
2025-08-05 07:04:47,041 - AUREA-QC-V2 - INFO - 🔍 AUREA V2: Performing comprehensive system health check
2025-08-05 07:09:48,459 - AUREA-QC-V2 - INFO - 🔍 AUREA V2: Performing comprehensive system health check
2025-08-05 07:14:51,162 - AUREA-QC-V2 - INFO - 🔍 AUREA V2: Performing comprehensive system health check
2025-08-05 07:19:53,573 - AUREA-QC-V2 - INFO - 🔍 AUREA V2: Performing comprehensive system health check
2025-08-05 07:19:56,635 - AUREA-QC-V2 - INFO - 🧠 AUREA V2: Learning from system history
2025-08-05 07:19:56,704 - AUREA-QC-V2 - INFO - 📊 Metrics: {
  "checks_performed": 132,
  "issues_found": 0,
  "improvements_made": 0,
  "system_health": 83.33333333333334,
  "errors_caught": 0,
  "self_heals": 0
}
2025-08-05 07:24:56,457 - AUREA-QC-V2 - INFO - 🔍 AUREA V2: Performing comprehensive system health check
2025-08-05 07:29:59,101 - AUREA-QC-V2 - INFO - 🔍 AUREA V2: Performing comprehensive system health check
2025-08-05 07:35:01,989 - AUREA-QC-V2 - INFO - 🔍 AUREA V2: Performing comprehensive system health check
2025-08-05 07:40:04,489 - AUREA-QC-V2 - INFO - 🔍 AUREA V2: Performing comprehensive system health check
2025-08-05 07:45:07,029 - AUREA-QC-V2 - INFO - 🔍 AUREA V2: Performing comprehensive system health check
2025-08-05 07:45:40,653 - AUREA-QC-V2 - INFO - 🔧 Applying auto-fix: scale_backend
2025-08-05 07:45:40,728 - AUREA-QC-V2 - ERROR - Failed to log to memory: 404
2025-08-05 07:50:40,284 - AUREA-QC-V2 - INFO - 🔍 AUREA V2: Performing comprehensive system health check
2025-08-05 07:50:43,850 - AUREA-QC-V2 - INFO - 📊 Metrics: {
  "checks_performed": 138,
  "issues_found": 1,
  "improvements_made": 1,
  "system_health": 83.33333333333334,
  "errors_caught": 0,
  "self_heals": 1
}
2025-08-05 07:55:43,375 - AUREA-QC-V2 - INFO - 🔍 AUREA V2: Performing comprehensive system health check
2025-08-05 08:00:45,961 - AUREA-QC-V2 - INFO - 🔍 AUREA V2: Performing comprehensive system health check
2025-08-05 08:05:48,521 - AUREA-QC-V2 - INFO - 🔍 AUREA V2: Performing comprehensive system health check
2025-08-05 08:10:50,609 - AUREA-QC-V2 - INFO - 🔍 AUREA V2: Performing comprehensive system health check
2025-08-05 08:15:52,828 - AUREA-QC-V2 - INFO - 🔍 AUREA V2: Performing comprehensive system health check
2025-08-05 08:20:54,607 - AUREA-QC-V2 - INFO - 🔍 AUREA V2: Performing comprehensive system health check
2025-08-05 08:20:58,481 - AUREA-QC-V2 - INFO - 🧠 AUREA V2: Learning from system history
2025-08-05 08:21:00,421 - AUREA-QC-V2 - ERROR - Failed to log to memory: 404
2025-08-05 08:21:00,422 - AUREA-QC-V2 - INFO - 📊 Metrics: {
  "checks_performed": 144,
  "issues_found": 1,
  "improvements_made": 1,
  "system_health": 83.33333333333334,
  "errors_caught": 0,
  "self_heals": 1
}
2025-08-05 08:25:59,401 - AUREA-QC-V2 - INFO - 🔍 AUREA V2: Performing comprehensive system health check
2025-08-05 08:31:01,650 - AUREA-QC-V2 - INFO - 🔍 AUREA V2: Performing comprehensive system health check
2025-08-05 08:36:03,977 - AUREA-QC-V2 - INFO - 🔍 AUREA V2: Performing comprehensive system health check
2025-08-05 08:41:05,929 - AUREA-QC-V2 - INFO - 🔍 AUREA V2: Performing comprehensive system health check
2025-08-05 08:46:07,779 - AUREA-QC-V2 - INFO - 🔍 AUREA V2: Performing comprehensive system health check
2025-08-05 08:51:07,878 - AUREA-QC-V2 - INFO - 🔍 AUREA V2: Performing comprehensive system health check
2025-08-05 08:51:10,727 - AUREA-QC-V2 - INFO - 📊 Metrics: {
  "checks_performed": 150,
  "issues_found": 1,
  "improvements_made": 1,
  "system_health": 83.33333333333334,
  "errors_caught": 0,
  "self_heals": 1
}
2025-08-05 08:56:05,096 - AUREA-QC-V2 - INFO - 🔍 AUREA V2: Performing comprehensive system health check
2025-08-05 09:01:02,709 - AUREA-QC-V2 - INFO - 🔍 AUREA V2: Performing comprehensive system health check
2025-08-05 09:05:58,827 - AUREA-QC-V2 - INFO - 🔍 AUREA V2: Performing comprehensive system health check
2025-08-05 09:10:54,967 - AUREA-QC-V2 - INFO - 🔍 AUREA V2: Performing comprehensive system health check
2025-08-05 09:15:51,068 - AUREA-QC-V2 - INFO - 🔍 AUREA V2: Performing comprehensive system health check
2025-08-05 09:20:46,212 - AUREA-QC-V2 - INFO - 🔍 AUREA V2: Performing comprehensive system health check
2025-08-05 09:20:49,603 - AUREA-QC-V2 - INFO - 🧠 AUREA V2: Learning from system history
2025-08-05 09:20:49,716 - AUREA-QC-V2 - INFO - 📊 Metrics: {
  "checks_performed": 156,
  "issues_found": 1,
  "improvements_made": 1,
  "system_health": 83.33333333333334,
  "errors_caught": 0,
  "self_heals": 1
}
2025-08-05 09:25:41,410 - AUREA-QC-V2 - INFO - 🔍 AUREA V2: Performing comprehensive system health check
2025-08-05 09:30:36,142 - AUREA-QC-V2 - INFO - 🔍 AUREA V2: Performing comprehensive system health check
2025-08-05 09:35:29,465 - AUREA-QC-V2 - INFO - 🔍 AUREA V2: Performing comprehensive system health check
2025-08-05 09:40:23,829 - AUREA-QC-V2 - INFO - 🔍 AUREA V2: Performing comprehensive system health check
2025-08-05 09:45:18,220 - AUREA-QC-V2 - INFO - 🔍 AUREA V2: Performing comprehensive system health check
2025-08-05 09:50:11,752 - AUREA-QC-V2 - INFO - 🔍 AUREA V2: Performing comprehensive system health check
2025-08-05 09:50:14,774 - AUREA-QC-V2 - INFO - 📊 Metrics: {
  "checks_performed": 162,
  "issues_found": 1,
  "improvements_made": 1,
  "system_health": 83.33333333333334,
  "errors_caught": 0,
  "self_heals": 1
}
2025-08-05 09:55:04,801 - AUREA-QC-V2 - INFO - 🔍 AUREA V2: Performing comprehensive system health check
2025-08-05 09:59:57,974 - AUREA-QC-V2 - INFO - 🔍 AUREA V2: Performing comprehensive system health check
2025-08-05 10:04:50,497 - AUREA-QC-V2 - INFO - 🔍 AUREA V2: Performing comprehensive system health check
2025-08-05 10:09:43,332 - AUREA-QC-V2 - INFO - 🔍 AUREA V2: Performing comprehensive system health check
2025-08-05 10:14:35,165 - AUREA-QC-V2 - INFO - 🔍 AUREA V2: Performing comprehensive system health check
2025-08-05 10:19:25,803 - AUREA-QC-V2 - INFO - 🔍 AUREA V2: Performing comprehensive system health check
2025-08-05 10:19:29,478 - AUREA-QC-V2 - INFO - 🧠 AUREA V2: Learning from system history
2025-08-05 10:19:29,598 - AUREA-QC-V2 - INFO - 📊 Metrics: {
  "checks_performed": 168,
  "issues_found": 1,
  "improvements_made": 1,
  "system_health": 83.33333333333334,
  "errors_caught": 0,
  "self_heals": 1
}
2025-08-05 10:24:17,782 - AUREA-QC-V2 - INFO - 🔍 AUREA V2: Performing comprehensive system health check
2025-08-05 10:29:08,623 - AUREA-QC-V2 - INFO - 🔍 AUREA V2: Performing comprehensive system health check
2025-08-05 10:33:59,143 - AUREA-QC-V2 - INFO - 🔍 AUREA V2: Performing comprehensive system health check
2025-08-05 10:38:50,420 - AUREA-QC-V2 - INFO - 🔍 AUREA V2: Performing comprehensive system health check
2025-08-05 10:43:40,968 - AUREA-QC-V2 - INFO - 🔍 AUREA V2: Performing comprehensive system health check
2025-08-05 10:48:30,978 - AUREA-QC-V2 - INFO - 🔍 AUREA V2: Performing comprehensive system health check
2025-08-05 10:48:33,950 - AUREA-QC-V2 - INFO - 📊 Metrics: {
  "checks_performed": 174,
  "issues_found": 1,
  "improvements_made": 1,
  "system_health": 83.33333333333334,
  "errors_caught": 0,
  "self_heals": 1
}
2025-08-05 10:53:20,610 - AUREA-QC-V2 - INFO - 🔍 AUREA V2: Performing comprehensive system health check
2025-08-05 10:58:10,496 - AUREA-QC-V2 - INFO - 🔍 AUREA V2: Performing comprehensive system health check
2025-08-05 11:02:58,567 - AUREA-QC-V2 - INFO - 🔍 AUREA V2: Performing comprehensive system health check
2025-08-05 11:07:47,837 - AUREA-QC-V2 - INFO - 🔍 AUREA V2: Performing comprehensive system health check
2025-08-05 11:12:36,979 - AUREA-QC-V2 - INFO - 🔍 AUREA V2: Performing comprehensive system health check
2025-08-05 11:17:25,634 - AUREA-QC-V2 - INFO - 🔍 AUREA V2: Performing comprehensive system health check
2025-08-05 11:17:28,904 - AUREA-QC-V2 - INFO - 🧠 AUREA V2: Learning from system history
2025-08-05 11:17:29,007 - AUREA-QC-V2 - INFO - 📊 Metrics: {
  "checks_performed": 180,
  "issues_found": 1,
  "improvements_made": 1,
  "system_health": 83.33333333333334,
  "errors_caught": 0,
  "self_heals": 1
}
2025-08-05 11:22:14,997 - AUREA-QC-V2 - INFO - 🔍 AUREA V2: Performing comprehensive system health check
2025-08-05 11:27:04,680 - AUREA-QC-V2 - INFO - 🔍 AUREA V2: Performing comprehensive system health check
2025-08-05 11:31:54,401 - AUREA-QC-V2 - INFO - 🔍 AUREA V2: Performing comprehensive system health check
2025-08-05 11:36:44,980 - AUREA-QC-V2 - INFO - 🔍 AUREA V2: Performing comprehensive system health check
2025-08-05 11:41:35,465 - AUREA-QC-V2 - INFO - 🔍 AUREA V2: Performing comprehensive system health check
2025-08-05 11:46:26,062 - AUREA-QC-V2 - INFO - 🔍 AUREA V2: Performing comprehensive system health check
2025-08-05 11:46:28,653 - AUREA-QC-V2 - INFO - 📊 Metrics: {
  "checks_performed": 186,
  "issues_found": 1,
  "improvements_made": 1,
  "system_health": 83.33333333333334,
  "errors_caught": 0,
  "self_heals": 1
}
2025-08-05 11:51:16,387 - AUREA-QC-V2 - INFO - 🔍 AUREA V2: Performing comprehensive system health check
2025-08-05 11:56:09,346 - AUREA-QC-V2 - INFO - 🔍 AUREA V2: Performing comprehensive system health check
2025-08-05 12:01:00,926 - AUREA-QC-V2 - INFO - 🔍 AUREA V2: Performing comprehensive system health check
2025-08-05 12:05:52,366 - AUREA-QC-V2 - INFO - 🔍 AUREA V2: Performing comprehensive system health check
2025-08-05 12:10:49,691 - AUREA-QC-V2 - INFO - 🔍 AUREA V2: Performing comprehensive system health check
2025-08-05 12:15:42,095 - AUREA-QC-V2 - INFO - 🔍 AUREA V2: Performing comprehensive system health check
2025-08-05 12:15:44,920 - AUREA-QC-V2 - INFO - 🧠 AUREA V2: Learning from system history
2025-08-05 12:15:45,000 - AUREA-QC-V2 - INFO - 📊 Metrics: {
  "checks_performed": 192,
  "issues_found": 1,
  "improvements_made": 1,
  "system_health": 83.33333333333334,
  "errors_caught": 0,
  "self_heals": 1
}
2025-08-05 12:20:34,396 - AUREA-QC-V2 - INFO - 🔍 AUREA V2: Performing comprehensive system health check
2025-08-05 12:25:26,778 - AUREA-QC-V2 - INFO - 🔍 AUREA V2: Performing comprehensive system health check
2025-08-05 12:30:19,045 - AUREA-QC-V2 - INFO - 🔍 AUREA V2: Performing comprehensive system health check
2025-08-05 12:35:12,205 - AUREA-QC-V2 - INFO - 🔍 AUREA V2: Performing comprehensive system health check
2025-08-05 12:40:04,953 - AUREA-QC-V2 - INFO - 🔍 AUREA V2: Performing comprehensive system health check
2025-08-05 12:44:58,697 - AUREA-QC-V2 - INFO - 🔍 AUREA V2: Performing comprehensive system health check
2025-08-05 12:45:01,783 - AUREA-QC-V2 - INFO - 📊 Metrics: {
  "checks_performed": 198,
  "issues_found": 1,
  "improvements_made": 1,
  "system_health": 83.33333333333334,
  "errors_caught": 0,
  "self_heals": 1
}
2025-08-05 12:49:51,748 - AUREA-QC-V2 - INFO - 🔍 AUREA V2: Performing comprehensive system health check
2025-08-05 12:54:44,659 - AUREA-QC-V2 - INFO - 🔍 AUREA V2: Performing comprehensive system health check
2025-08-05 12:59:37,933 - AUREA-QC-V2 - INFO - 🔍 AUREA V2: Performing comprehensive system health check
2025-08-05 13:04:31,372 - AUREA-QC-V2 - INFO - 🔍 AUREA V2: Performing comprehensive system health check
2025-08-05 13:09:25,192 - AUREA-QC-V2 - INFO - 🔍 AUREA V2: Performing comprehensive system health check
2025-08-05 13:14:17,884 - AUREA-QC-V2 - INFO - 🔍 AUREA V2: Performing comprehensive system health check
2025-08-05 13:14:20,777 - AUREA-QC-V2 - INFO - 🧠 AUREA V2: Learning from system history
2025-08-05 13:14:20,902 - AUREA-QC-V2 - INFO - 📊 Metrics: {
  "checks_performed": 204,
  "issues_found": 1,
  "improvements_made": 1,
  "system_health": 83.33333333333334,
  "errors_caught": 0,
  "self_heals": 1
}
2025-08-05 13:19:10,661 - AUREA-QC-V2 - INFO - 🔍 AUREA V2: Performing comprehensive system health check
2025-08-05 13:24:04,103 - AUREA-QC-V2 - INFO - 🔍 AUREA V2: Performing comprehensive system health check
2025-08-05 13:28:57,214 - AUREA-QC-V2 - INFO - 🔍 AUREA V2: Performing comprehensive system health check
2025-08-05 13:33:49,586 - AUREA-QC-V2 - INFO - 🔍 AUREA V2: Performing comprehensive system health check
2025-08-05 13:38:43,019 - AUREA-QC-V2 - INFO - 🔍 AUREA V2: Performing comprehensive system health check
2025-08-05 13:43:35,378 - AUREA-QC-V2 - INFO - 🔍 AUREA V2: Performing comprehensive system health check
2025-08-05 13:43:38,700 - AUREA-QC-V2 - INFO - 📊 Metrics: {
  "checks_performed": 210,
  "issues_found": 1,
  "improvements_made": 1,
  "system_health": 83.33333333333334,
  "errors_caught": 0,
  "self_heals": 1
}
2025-08-05 13:48:27,891 - AUREA-QC-V2 - INFO - 🔍 AUREA V2: Performing comprehensive system health check
2025-08-05 13:53:19,821 - AUREA-QC-V2 - INFO - 🔍 AUREA V2: Performing comprehensive system health check
2025-08-05 13:58:10,553 - AUREA-QC-V2 - INFO - 🔍 AUREA V2: Performing comprehensive system health check
2025-08-05 14:03:02,131 - AUREA-QC-V2 - INFO - 🔍 AUREA V2: Performing comprehensive system health check
2025-08-05 14:07:53,829 - AUREA-QC-V2 - INFO - 🔍 AUREA V2: Performing comprehensive system health check
2025-08-05 14:12:45,828 - AUREA-QC-V2 - INFO - 🔍 AUREA V2: Performing comprehensive system health check
2025-08-05 14:12:48,753 - AUREA-QC-V2 - INFO - 🧠 AUREA V2: Learning from system history
2025-08-05 14:12:50,824 - AUREA-QC-V2 - INFO - ✅ Logged to memory: Status Report
2025-08-05 14:12:50,824 - AUREA-QC-V2 - INFO - 📊 Metrics: {
  "checks_performed": 216,
  "issues_found": 1,
  "improvements_made": 1,
  "system_health": 83.33333333333334,
  "errors_caught": 0,
  "self_heals": 1
}
2025-08-05 14:17:38,799 - AUREA-QC-V2 - INFO - 🔍 AUREA V2: Performing comprehensive system health check
2025-08-05 14:22:29,886 - AUREA-QC-V2 - INFO - 🔍 AUREA V2: Performing comprehensive system health check
2025-08-05 14:27:20,647 - AUREA-QC-V2 - INFO - 🔍 AUREA V2: Performing comprehensive system health check
2025-08-05 14:32:11,288 - AUREA-QC-V2 - INFO - 🔍 AUREA V2: Performing comprehensive system health check
2025-08-05 14:37:01,511 - AUREA-QC-V2 - INFO - 🔍 AUREA V2: Performing comprehensive system health check
2025-08-05 14:41:49,936 - AUREA-QC-V2 - INFO - 🔍 AUREA V2: Performing comprehensive system health check
2025-08-05 14:41:53,633 - AUREA-QC-V2 - INFO - 📊 Metrics: {
  "checks_performed": 222,
  "issues_found": 1,
  "improvements_made": 1,
  "system_health": 83.33333333333334,
  "errors_caught": 0,
  "self_heals": 1
}
2025-08-05 14:46:40,173 - AUREA-QC-V2 - INFO - 🔍 AUREA V2: Performing comprehensive system health check
2025-08-05 14:46:41,119 - AUREA-QC-V2 - INFO - 🔧 Applying auto-fix: restart_backend
2025-08-05 14:46:41,195 - AUREA-QC-V2 - INFO - ✅ Logged to memory: Backend restart required
2025-08-05 14:51:27,571 - AUREA-QC-V2 - INFO - 🔍 AUREA V2: Performing comprehensive system health check
2025-08-05 14:56:16,445 - AUREA-QC-V2 - INFO - 🔍 AUREA V2: Performing comprehensive system health check
2025-08-05 15:01:05,311 - AUREA-QC-V2 - INFO - 🔍 AUREA V2: Performing comprehensive system health check
2025-08-05 15:05:54,316 - AUREA-QC-V2 - INFO - 🔍 AUREA V2: Performing comprehensive system health check
2025-08-05 15:10:42,515 - AUREA-QC-V2 - INFO - 🔍 AUREA V2: Performing comprehensive system health check
2025-08-05 15:10:45,406 - AUREA-QC-V2 - INFO - 🧠 AUREA V2: Learning from system history
2025-08-05 15:10:45,576 - AUREA-QC-V2 - INFO - 📊 Metrics: {
  "checks_performed": 228,
  "issues_found": 2,
  "improvements_made": 2,
  "system_health": 83.33333333333334,
  "errors_caught": 0,
  "self_heals": 2
}
2025-08-05 15:15:30,675 - AUREA-QC-V2 - INFO - 🔍 AUREA V2: Performing comprehensive system health check
2025-08-05 15:20:18,851 - AUREA-QC-V2 - INFO - 🔍 AUREA V2: Performing comprehensive system health check
2025-08-05 15:25:06,423 - AUREA-QC-V2 - INFO - 🔍 AUREA V2: Performing comprehensive system health check
2025-08-05 15:29:52,591 - AUREA-QC-V2 - INFO - 🔍 AUREA V2: Performing comprehensive system health check
2025-08-05 15:34:47,864 - AUREA-QC-V2 - INFO - 🔍 AUREA V2: Performing comprehensive system health check
2025-08-05 15:35:43,956 - AUREA-QC-V2 - INFO - 🔧 Applying auto-fix: scale_backend
2025-08-05 15:36:01,621 - AUREA-QC-V2 - INFO - ✅ Logged to memory: Backend scaling required
2025-08-05 15:40:58,207 - AUREA-QC-V2 - INFO - 🔍 AUREA V2: Performing comprehensive system health check
2025-08-05 15:40:59,053 - AUREA-QC-V2 - INFO - 🔧 Applying auto-fix: restart_backend
2025-08-05 15:40:59,123 - AUREA-QC-V2 - INFO - ✅ Logged to memory: Backend restart required
2025-08-05 15:40:59,123 - AUREA-QC-V2 - INFO - 📊 Metrics: {
  "checks_performed": 234,
  "issues_found": 4,
  "improvements_made": 4,
  "system_health": 40.0,
  "errors_caught": 0,
  "self_heals": 4
}
2025-08-05 15:45:58,351 - AUREA-QC-V2 - INFO - 🔍 AUREA V2: Performing comprehensive system health check
2025-08-05 15:45:59,390 - AUREA-QC-V2 - INFO - 🔧 Applying auto-fix: restart_backend
2025-08-05 15:45:59,478 - AUREA-QC-V2 - INFO - ✅ Logged to memory: Backend restart required
2025-08-05 15:50:59,172 - AUREA-QC-V2 - INFO - 🔍 AUREA V2: Performing comprehensive system health check
2025-08-05 15:51:00,318 - AUREA-QC-V2 - INFO - 🔧 Applying auto-fix: restart_backend
2025-08-05 15:51:00,414 - AUREA-QC-V2 - INFO - ✅ Logged to memory: Backend restart required
2025-08-05 15:56:00,210 - AUREA-QC-V2 - INFO - 🔍 AUREA V2: Performing comprehensive system health check
2025-08-05 15:56:01,411 - AUREA-QC-V2 - INFO - 🔧 Applying auto-fix: restart_backend
2025-08-05 15:56:01,489 - AUREA-QC-V2 - INFO - ✅ Logged to memory: Backend restart required
2025-08-05 16:01:01,318 - AUREA-QC-V2 - INFO - 🔍 AUREA V2: Performing comprehensive system health check
2025-08-05 16:01:02,547 - AUREA-QC-V2 - INFO - 🔧 Applying auto-fix: restart_backend
2025-08-05 16:01:02,619 - AUREA-QC-V2 - INFO - ✅ Logged to memory: Backend restart required
2025-08-05 16:06:02,281 - AUREA-QC-V2 - INFO - 🔍 AUREA V2: Performing comprehensive system health check
2025-08-05 16:06:03,450 - AUREA-QC-V2 - INFO - 🔧 Applying auto-fix: restart_backend
2025-08-05 16:06:03,523 - AUREA-QC-V2 - INFO - ✅ Logged to memory: Backend restart required
2025-08-05 16:11:03,310 - AUREA-QC-V2 - INFO - 🔍 AUREA V2: Performing comprehensive system health check
2025-08-05 16:11:04,558 - AUREA-QC-V2 - INFO - 🔧 Applying auto-fix: restart_backend
2025-08-05 16:11:04,644 - AUREA-QC-V2 - INFO - ✅ Logged to memory: Backend restart required
2025-08-05 16:11:04,646 - AUREA-QC-V2 - INFO - 🧠 AUREA V2: Learning from system history
2025-08-05 16:11:05,341 - AUREA-QC-V2 - INFO - 📊 Metrics: {
  "checks_performed": 240,
  "issues_found": 10,
  "improvements_made": 10,
  "system_health": 40.0,
  "errors_caught": 0,
  "self_heals": 10
}
2025-08-05 16:16:05,085 - AUREA-QC-V2 - INFO - 🔍 AUREA V2: Performing comprehensive system health check
2025-08-05 16:16:06,430 - AUREA-QC-V2 - INFO - 🔧 Applying auto-fix: restart_backend
2025-08-05 16:16:06,498 - AUREA-QC-V2 - INFO - ✅ Logged to memory: Backend restart required
2025-08-05 16:21:05,891 - AUREA-QC-V2 - INFO - 🔍 AUREA V2: Performing comprehensive system health check
2025-08-05 16:21:07,212 - AUREA-QC-V2 - INFO - 🔧 Applying auto-fix: restart_backend
2025-08-05 16:21:07,493 - AUREA-QC-V2 - INFO - ✅ Logged to memory: Backend restart required
2025-08-05 16:26:07,064 - AUREA-QC-V2 - INFO - 🔍 AUREA V2: Performing comprehensive system health check
2025-08-05 16:26:09,092 - AUREA-QC-V2 - INFO - 🔧 Applying auto-fix: restart_backend
2025-08-05 16:26:09,188 - AUREA-QC-V2 - INFO - ✅ Logged to memory: Backend restart required
2025-08-05 16:31:08,581 - AUREA-QC-V2 - INFO - 🔍 AUREA V2: Performing comprehensive system health check
2025-08-05 16:31:09,738 - AUREA-QC-V2 - INFO - 🔧 Applying auto-fix: restart_backend
2025-08-05 16:31:09,815 - AUREA-QC-V2 - INFO - ✅ Logged to memory: Backend restart required
2025-08-05 16:36:09,202 - AUREA-QC-V2 - INFO - 🔍 AUREA V2: Performing comprehensive system health check
2025-08-05 16:36:10,429 - AUREA-QC-V2 - INFO - 🔧 Applying auto-fix: restart_backend
2025-08-05 16:36:10,516 - AUREA-QC-V2 - INFO - ✅ Logged to memory: Backend restart required
2025-08-05 16:41:09,811 - AUREA-QC-V2 - INFO - 🔍 AUREA V2: Performing comprehensive system health check
2025-08-05 16:41:11,119 - AUREA-QC-V2 - INFO - 🔧 Applying auto-fix: restart_backend
2025-08-05 16:41:11,195 - AUREA-QC-V2 - INFO - ✅ Logged to memory: Backend restart required
2025-08-05 16:41:11,195 - AUREA-QC-V2 - INFO - 📊 Metrics: {
  "checks_performed": 246,
  "issues_found": 16,
  "improvements_made": 16,
  "system_health": 40.0,
  "errors_caught": 0,
  "self_heals": 16
}
2025-08-05 16:46:10,815 - AUREA-QC-V2 - INFO - 🔍 AUREA V2: Performing comprehensive system health check
2025-08-05 16:46:39,890 - AUREA-QC-V2 - INFO - 🔧 Applying auto-fix: restart_backend
2025-08-05 16:46:40,012 - AUREA-QC-V2 - INFO - ✅ Logged to memory: Backend restart required
2025-08-05 16:51:39,111 - AUREA-QC-V2 - INFO - 🔍 AUREA V2: Performing comprehensive system health check
2025-08-05 16:56:41,298 - AUREA-QC-V2 - INFO - 🔍 AUREA V2: Performing comprehensive system health check
2025-08-05 17:01:42,824 - AUREA-QC-V2 - INFO - 🔍 AUREA V2: Performing comprehensive system health check
2025-08-05 17:06:45,297 - AUREA-QC-V2 - INFO - 🔍 AUREA V2: Performing comprehensive system health check
2025-08-05 17:11:46,830 - AUREA-QC-V2 - INFO - 🔍 AUREA V2: Performing comprehensive system health check
2025-08-05 17:12:17,977 - AUREA-QC-V2 - INFO - 🧠 AUREA V2: Learning from system history
2025-08-05 17:12:18,488 - AUREA-QC-V2 - INFO - 📊 Metrics: {
  "checks_performed": 252,
  "issues_found": 17,
  "improvements_made": 17,
  "system_health": 83.33333333333334,
  "errors_caught": 0,
  "self_heals": 17
}
2025-08-05 17:17:17,722 - AUREA-QC-V2 - INFO - 🔍 AUREA V2: Performing comprehensive system health check
2025-08-05 17:22:19,786 - AUREA-QC-V2 - INFO - 🔍 AUREA V2: Performing comprehensive system health check
2025-08-05 17:27:22,057 - AUREA-QC-V2 - INFO - 🔍 AUREA V2: Performing comprehensive system health check
2025-08-05 17:32:22,988 - AUREA-QC-V2 - INFO - 🔍 AUREA V2: Performing comprehensive system health check
2025-08-05 17:47:50,380 - AUREA-QC-V2 - INFO - 🔍 AUREA V2: Performing comprehensive system health check
2025-08-05 17:52:53,584 - AUREA-QC-V2 - INFO - 🔍 AUREA V2: Performing comprehensive system health check
2025-08-05 17:52:57,512 - AUREA-QC-V2 - INFO - 📊 Metrics: {
  "checks_performed": 258,
  "issues_found": 17,
  "improvements_made": 17,
  "system_health": 83.33333333333334,
  "errors_caught": 0,
  "self_heals": 17
}
2025-08-05 17:57:57,491 - AUREA-QC-V2 - INFO - 🔍 AUREA V2: Performing comprehensive system health check
2025-08-05 18:03:00,912 - AUREA-QC-V2 - INFO - 🔍 AUREA V2: Performing comprehensive system health check
2025-08-05 18:08:04,440 - AUREA-QC-V2 - INFO - 🔍 AUREA V2: Performing comprehensive system health check
2025-08-05 18:13:07,538 - AUREA-QC-V2 - INFO - 🔍 AUREA V2: Performing comprehensive system health check
2025-08-05 18:18:10,718 - AUREA-QC-V2 - INFO - 🔍 AUREA V2: Performing comprehensive system health check
2025-08-05 18:23:14,919 - AUREA-QC-V2 - INFO - 🔍 AUREA V2: Performing comprehensive system health check
2025-08-05 18:23:18,744 - AUREA-QC-V2 - INFO - 🧠 AUREA V2: Learning from system history
2025-08-05 18:23:18,901 - AUREA-QC-V2 - INFO - 📊 Metrics: {
  "checks_performed": 264,
  "issues_found": 17,
  "improvements_made": 17,
  "system_health": 83.33333333333334,
  "errors_caught": 0,
  "self_heals": 17
}
2025-08-05 18:28:21,758 - AUREA-QC-V2 - INFO - 🔍 AUREA V2: Performing comprehensive system health check
2025-08-05 18:33:30,512 - AUREA-QC-V2 - INFO - 🔍 AUREA V2: Performing comprehensive system health check
2025-08-05 18:38:33,849 - AUREA-QC-V2 - INFO - 🔍 AUREA V2: Performing comprehensive system health check
2025-08-05 18:43:43,122 - AUREA-QC-V2 - INFO - 🔍 AUREA V2: Performing comprehensive system health check
