2025-08-05 07:08:17,976 - PERPLEXITY-AUDIT - INFO - 🚀 Perplexity Audit System Starting
2025-08-05 07:08:17,976 - PERPLEXITY-AUDIT - INFO - 🔍 Starting Perplexity-style external audit
2025-08-05 07:08:24,863 - PERPLEXITY-AUDIT - ERROR - Failed to store audit: 404
2025-08-05 07:08:24,863 - PERPLEXITY-AUDIT - INFO - 📊 Audit Complete - Score: 72.5%, Findings: 3
2025-08-05 07:08:24,863 - PERPLEXITY-AUDIT - WARNING - ⚠️ 1 critical issues found!
2025-08-05 08:08:18,754 - PERPLEXITY-AUDIT - INFO - 🔍 Starting Perplexity-style external audit
2025-08-05 08:08:26,767 - PERPLEXITY-AUDIT - ERROR - Failed to store audit: 404
2025-08-05 08:08:26,767 - PERPLEXITY-AUDIT - INFO - 📊 Audit Complete - Score: 72.5%, Findings: 3
2025-08-05 08:08:26,767 - PERPLEXITY-AUDIT - WARNING - ⚠️ 1 critical issues found!
2025-08-05 09:07:54,099 - PERPLEXITY-AUDIT - INFO - 🔍 Starting Perplexity-style external audit
2025-08-05 09:08:00,318 - PERPLEXITY-AUDIT - INFO - ✅ Audit 6582060607cf stored successfully
2025-08-05 09:08:00,319 - PERPLEXITY-AUDIT - INFO - 📊 Audit Complete - Score: 72.5%, Findings: 3
2025-08-05 09:08:00,319 - PERPLEXITY-AUDIT - WARNING - ⚠️ 1 critical issues found!
2025-08-05 10:06:11,452 - PERPLEXITY-AUDIT - INFO - 🔍 Starting Perplexity-style external audit
2025-08-05 10:06:17,312 - PERPLEXITY-AUDIT - INFO - ✅ Audit c62acfd79c88 stored successfully
2025-08-05 10:06:17,313 - PERPLEXITY-AUDIT - INFO - 📊 Audit Complete - Score: 72.5%, Findings: 3
2025-08-05 10:06:17,313 - PERPLEXITY-AUDIT - WARNING - ⚠️ 1 critical issues found!
2025-08-05 11:03:47,518 - PERPLEXITY-AUDIT - INFO - 🔍 Starting Perplexity-style external audit
2025-08-05 11:03:53,394 - PERPLEXITY-AUDIT - INFO - ✅ Audit 7fb3503759e5 stored successfully
2025-08-05 11:03:53,395 - PERPLEXITY-AUDIT - INFO - 📊 Audit Complete - Score: 72.5%, Findings: 3
2025-08-05 11:03:53,395 - PERPLEXITY-AUDIT - WARNING - ⚠️ 1 critical issues found!
2025-08-05 12:01:13,917 - PERPLEXITY-AUDIT - INFO - 🔍 Starting Perplexity-style external audit
2025-08-05 12:01:20,047 - PERPLEXITY-AUDIT - INFO - ✅ Audit e07b28e40ff4 stored successfully
2025-08-05 12:01:20,049 - PERPLEXITY-AUDIT - INFO - 📊 Audit Complete - Score: 72.5%, Findings: 3
2025-08-05 12:01:20,049 - PERPLEXITY-AUDIT - WARNING - ⚠️ 1 critical issues found!
2025-08-05 12:59:13,792 - PERPLEXITY-AUDIT - INFO - 🔍 Starting Perplexity-style external audit
2025-08-05 12:59:25,789 - PERPLEXITY-AUDIT - INFO - ✅ Audit 3b494581b1fc stored successfully
2025-08-05 12:59:25,789 - PERPLEXITY-AUDIT - INFO - 📊 Audit Complete - Score: 72.5%, Findings: 3
2025-08-05 12:59:25,790 - PERPLEXITY-AUDIT - WARNING - ⚠️ 1 critical issues found!
2025-08-05 13:57:19,282 - PERPLEXITY-AUDIT - INFO - 🔍 Starting Perplexity-style external audit
2025-08-05 13:57:25,581 - PERPLEXITY-AUDIT - INFO - ✅ Audit a960aba42479 stored successfully
2025-08-05 13:57:25,581 - PERPLEXITY-AUDIT - INFO - 📊 Audit Complete - Score: 72.5%, Findings: 3
2025-08-05 13:57:25,581 - PERPLEXITY-AUDIT - WARNING - ⚠️ 1 critical issues found!
2025-08-05 14:54:54,189 - PERPLEXITY-AUDIT - INFO - 🔍 Starting Perplexity-style external audit
2025-08-05 14:55:01,237 - PERPLEXITY-AUDIT - INFO - ✅ Audit 1852f550d7b1 stored successfully
2025-08-05 14:55:01,239 - PERPLEXITY-AUDIT - INFO - 📊 Audit Complete - Score: 72.5%, Findings: 3
2025-08-05 14:55:01,239 - PERPLEXITY-AUDIT - WARNING - ⚠️ 1 critical issues found!
2025-08-05 15:52:56,504 - PERPLEXITY-AUDIT - INFO - 🔍 Starting Perplexity-style external audit
2025-08-05 15:53:00,357 - PERPLEXITY-AUDIT - INFO - ✅ Audit a5306c628997 stored successfully
2025-08-05 15:53:00,359 - PERPLEXITY-AUDIT - INFO - 📊 Audit Complete - Score: 65.0%, Findings: 2
2025-08-05 15:53:00,359 - PERPLEXITY-AUDIT - WARNING - ⚠️ 2 critical issues found!
2025-08-05 16:52:54,293 - PERPLEXITY-AUDIT - INFO - 🔍 Starting Perplexity-style external audit
2025-08-05 16:53:33,155 - PERPLEXITY-AUDIT - INFO - ✅ Audit 8a8f88566574 stored successfully
2025-08-05 16:53:33,158 - PERPLEXITY-AUDIT - INFO - 📊 Audit Complete - Score: 80.0%, Findings: 3
2025-08-05 16:53:33,158 - PERPLEXITY-AUDIT - WARNING - ⚠️ 1 critical issues found!
2025-08-05 18:03:44,185 - PERPLEXITY-AUDIT - INFO - 🔍 Starting Perplexity-style external audit
2025-08-05 18:03:54,406 - PERPLEXITY-AUDIT - INFO - ✅ Audit 60eb5345093d stored successfully
2025-08-05 18:03:54,406 - PERPLEXITY-AUDIT - INFO - 📊 Audit Complete - Score: 72.5%, Findings: 3
2025-08-05 18:03:54,407 - PERPLEXITY-AUDIT - WARNING - ⚠️ 1 critical issues found!
